# JRE version: Java(TM) SE Runtime Environment (8.0_51-b16) (build 1.8.0_51-b16)
# Java VM: Java HotSpot(TM) 64-Bit Server VM (25.51-b03 mixed mode windows-amd64 compressed oops)
Heap:
 PSYoungGen      total 135680K, used 113020K [0x00000000d8b00000, 0x00000000e9400000, 0x0000000100000000)
  eden space 122368K, 93% used [0x00000000d8b00000,0x00000000dfaa7ee0,0x00000000e0280000)
  from space 13312K, 99% used [0x00000000e8700000,0x00000000e93f8010,0x00000000e9400000)
  to   space 9216K, 0% used [0x00000000e0280000,0x00000000e0280000,0x00000000e0b80000)
 ParOldGen       total 80896K, used 16210K [0x000000008a000000, 0x000000008ef00000, 0x00000000d8b00000)
  object space 80896K, 20% used [0x000000008a000000,0x000000008afd4860,0x000000008ef00000)
 Metaspace       used 13585K, capacity 13871K, committed 14208K, reserved 1060864K
  class space    used 1682K, capacity 1809K, committed 1920K, reserved 1048576K
GC Heap History (10 events):
Event: 2.026 GC heap before
{Heap before GC invocations=4 (full 0):
 PSYoungGen      total 35328K, used 35296K [0x00000000d8b00000, 0x00000000dd000000, 0x0000000100000000)
  eden space 30720K, 100% used [0x00000000d8b00000,0x00000000da900000,0x00000000da900000)
  from space 4608K, 99% used [0x00000000da900000,0x00000000dad78030,0x00000000dad80000)
  to   space 4608K, 0% used [0x00000000dcb80000,0x00000000dcb80000,0x00000000dd000000)
 ParOldGen       total 80896K, used 2910K [0x000000008a000000, 0x000000008ef00000, 0x00000000d8b00000)
  object space 80896K, 3% used [0x000000008a000000,0x000000008a2d7990,0x000000008ef00000)
 Metaspace       used 13481K, capacity 13775K, committed 14080K, reserved 1060864K
  class space    used 1675K, capacity 1777K, committed 1792K, reserved 1048576K
Event: 2.037 GC heap after
Heap after GC invocations=4 (full 0):
 PSYoungGen      total 66048K, used 4576K [0x00000000d8b00000, 0x00000000dd000000, 0x0000000100000000)
  eden space 61440K, 0% used [0x00000000d8b00000,0x00000000d8b00000,0x00000000dc700000)
  from space 4608K, 99% used [0x00000000dcb80000,0x00000000dcff8030,0x00000000dd000000)
  to   space 4608K, 0% used [0x00000000dc700000,0x00000000dc700000,0x00000000dcb80000)
 ParOldGen       total 80896K, used 4862K [0x000000008a000000, 0x000000008ef00000, 0x00000000d8b00000)
  object space 80896K, 6% used [0x000000008a000000,0x000000008a4bf990,0x000000008ef00000)
 Metaspace       used 13481K, capacity 13775K, committed 14080K, reserved 1060864K
  class space    used 1675K, capacity 1777K, committed 1792K, reserved 1048576K
}
Event: 2.179 GC heap before
{Heap before GC invocations=5 (full 0):
 PSYoungGen      total 66048K, used 66016K [0x00000000d8b00000, 0x00000000dd000000, 0x0000000100000000)
  eden space 61440K, 100% used [0x00000000d8b00000,0x00000000dc700000,0x00000000dc700000)
  from space 4608K, 99% used [0x00000000dcb80000,0x00000000dcff8030,0x00000000dd000000)
  to   space 4608K, 0% used [0x00000000dc700000,0x00000000dc700000,0x00000000dcb80000)
 ParOldGen       total 80896K, used 4862K [0x000000008a000000, 0x000000008ef00000, 0x00000000d8b00000)
  object space 80896K, 6% used [0x000000008a000000,0x000000008a4bf990,0x000000008ef00000)
 Metaspace       used 13554K, capacity 13871K, committed 14208K, reserved 1060864K
  class space    used 1682K, capacity 1809K, committed 1920K, reserved 1048576K
Event: 2.193 GC heap after
Heap after GC invocations=5 (full 0):
 PSYoungGen      total 66048K, used 4576K [0x00000000d8b00000, 0x00000000e1400000, 0x0000000100000000)
  eden space 61440K, 0% used [0x00000000d8b00000,0x00000000d8b00000,0x00000000dc700000)
  from space 4608K, 99% used [0x00000000dc700000,0x00000000dcb78030,0x00000000dcb80000)
  to   space 8704K, 0% used [0x00000000e0b80000,0x00000000e0b80000,0x00000000e1400000)
 ParOldGen       total 80896K, used 8638K [0x000000008a000000, 0x000000008ef00000, 0x00000000d8b00000)
  object space 80896K, 10% used [0x000000008a000000,0x000000008a86fbb0,0x000000008ef00000)
 Metaspace       used 13554K, capacity 13871K, committed 14208K, reserved 1060864K
  class space    used 1682K, capacity 1809K, committed 1920K, reserved 1048576K
}
Event: 2.293 GC heap before
{Heap before GC invocations=6 (full 0):
 PSYoungGen      total 66048K, used 66016K [0x00000000d8b00000, 0x00000000e1400000, 0x0000000100000000)
  eden space 61440K, 100% used [0x00000000d8b00000,0x00000000dc700000,0x00000000dc700000)
  from space 4608K, 99% used [0x00000000dc700000,0x00000000dcb78030,0x00000000dcb80000)
  to   space 8704K, 0% used [0x00000000e0b80000,0x00000000e0b80000,0x00000000e1400000)
 ParOldGen       total 80896K, used 8638K [0x000000008a000000, 0x000000008ef00000, 0x00000000d8b00000)
  object space 80896K, 10% used [0x000000008a000000,0x000000008a86fbb0,0x000000008ef00000)
 Metaspace       used 13582K, capacity 13871K, committed 14208K, reserved 1060864K
  class space    used 1682K, capacity 1809K, committed 1920K, reserved 1048576K
Event: 2.302 GC heap after
Heap after GC invocations=6 (full 0):
 PSYoungGen      total 131072K, used 7968K [0x00000000d8b00000, 0x00000000e1500000, 0x0000000100000000)
  eden space 122368K, 0% used [0x00000000d8b00000,0x00000000d8b00000,0x00000000e0280000)
  from space 8704K, 91% used [0x00000000e0b80000,0x00000000e1348030,0x00000000e1400000)
  to   space 9216K, 0% used [0x00000000e0280000,0x00000000e0280000,0x00000000e0b80000)
 ParOldGen       total 80896K, used 8638K [0x000000008a000000, 0x000000008ef00000, 0x00000000d8b00000)
  object space 80896K, 10% used [0x000000008a000000,0x000000008a86fbb0,0x000000008ef00000)
 Metaspace       used 13582K, capacity 13871K, committed 14208K, reserved 1060864K
  class space    used 1682K, capacity 1809K, committed 1920K, reserved 1048576K
}
Event: 2.508 GC heap before
{Heap before GC invocations=7 (full 0):
 PSYoungGen      total 131072K, used 130336K [0x00000000d8b00000, 0x00000000e1500000, 0x0000000100000000)
  eden space 122368K, 100% used [0x00000000d8b00000,0x00000000e0280000,0x00000000e0280000)
  from space 8704K, 91% used [0x00000000e0b80000,0x00000000e1348030,0x00000000e1400000)
  to   space 9216K, 0% used [0x00000000e0280000,0x00000000e0280000,0x00000000e0b80000)
 ParOldGen       total 80896K, used 8638K [0x000000008a000000, 0x000000008ef00000, 0x00000000d8b00000)
  object space 80896K, 10% used [0x000000008a000000,0x000000008a86fbb0,0x000000008ef00000)
 Metaspace       used 13582K, capacity 13871K, committed 14208K, reserved 1060864K
  class space    used 1682K, capacity 1809K, committed 1920K, reserved 1048576K
Event: 2.536 GC heap after
Heap after GC invocations=7 (full 0):
 PSYoungGen      total 131584K, used 9184K [0x00000000d8b00000, 0x00000000e9400000, 0x0000000100000000)
  eden space 122368K, 0% used [0x00000000d8b00000,0x00000000d8b00000,0x00000000e0280000)
  from space 9216K, 99% used [0x00000000e0280000,0x00000000e0b78010,0x00000000e0b80000)
  to   space 13312K, 0% used [0x00000000e8700000,0x00000000e8700000,0x00000000e9400000)
 ParOldGen       total 80896K, used 14202K [0x000000008a000000, 0x000000008ef00000, 0x00000000d8b00000)
  object space 80896K, 17% used [0x000000008a000000,0x000000008adde860,0x000000008ef00000)
 Metaspace       used 13582K, capacity 13871K, committed 14208K, reserved 1060864K
  class space    used 1682K, capacity 1809K, committed 1920K, reserved 1048576K
}
Event: 2.738 GC heap before
{Heap before GC invocations=8 (full 0):
 PSYoungGen      total 131584K, used 131552K [0x00000000d8b00000, 0x00000000e9400000, 0x0000000100000000)
  eden space 122368K, 100% used [0x00000000d8b00000,0x00000000e0280000,0x00000000e0280000)
  from space 9216K, 99% used [0x00000000e0280000,0x00000000e0b78010,0x00000000e0b80000)
  to   space 13312K, 0% used [0x00000000e8700000,0x00000000e8700000,0x00000000e9400000)
 ParOldGen       total 80896K, used 14202K [0x000000008a000000, 0x000000008ef00000, 0x00000000d8b00000)
  object space 80896K, 17% used [0x000000008a000000,0x000000008adde860,0x000000008ef00000)
 Metaspace       used 13582K, capacity 13871K, committed 14208K, reserved 1060864K
  class space    used 1682K, capacity 1809K, committed 1920K, reserved 1048576K
Event: 2.763 GC heap after
Heap after GC invocations=8 (full 0):
 PSYoungGen      total 135680K, used 13280K [0x00000000d8b00000, 0x00000000e9400000, 0x0000000100000000)
  eden space 122368K, 0% used [0x00000000d8b00000,0x00000000d8b00000,0x00000000e0280000)
  from space 13312K, 99% used [0x00000000e8700000,0x00000000e93f8010,0x00000000e9400000)
  to   space 9216K, 0% used [0x00000000e0280000,0x00000000e0280000,0x00000000e0b80000)
 ParOldGen       total 80896K, used 16210K [0x000000008a000000, 0x000000008ef00000, 0x00000000d8b00000)
  object space 80896K, 20% used [0x000000008a000000,0x000000008afd4860,0x000000008ef00000)
 Metaspace       used 13582K, capacity 13871K, committed 14208K, reserved 1060864K
  class space    used 1682K, capacity 1809K, committed 1920K, reserved 1048576K
}

