# JRE version: Java(TM) SE Runtime Environment (8.0_51-b16) (build 1.8.0_51-b16)
# Java VM: Java HotSpot(TM) 64-Bit Server VM (25.51-b03 mixed mode windows-amd64 compressed oops)
Heap:
 PSYoungGen      total 257024K, used 196073K [0x00000000d8b00000, 0x00000000f3000000, 0x0000000100000000)
  eden space 241152K, 74% used [0x00000000d8b00000,0x00000000e3b02538,0x00000000e7680000)
  from space 15872K, 99% used [0x00000000e7680000,0x00000000e85f8010,0x00000000e8600000)
  to   space 22528K, 0% used [0x00000000f1a00000,0x00000000f1a00000,0x00000000f3000000)
 ParOldGen       total 80896K, used 27424K [0x000000008a000000, 0x000000008ef00000, 0x00000000d8b00000)
  object space 80896K, 33% used [0x000000008a000000,0x000000008bac8100,0x000000008ef00000)
 Metaspace       used 14803K, capacity 15093K, committed 15360K, reserved 1062912K
  class space    used 1837K, capacity 1938K, committed 2048K, reserved 1048576K
GC Heap History (10 events):
Event: 19.607 GC heap before
{Heap before GC invocations=5 (full 0):
 PSYoungGen      total 66048K, used 66032K [0x00000000d8b00000, 0x00000000dd000000, 0x0000000100000000)
  eden space 61440K, 100% used [0x00000000d8b00000,0x00000000dc700000,0x00000000dc700000)
  from space 4608K, 99% used [0x00000000dcb80000,0x00000000dcffc020,0x00000000dd000000)
  to   space 4608K, 0% used [0x00000000dc700000,0x00000000dc700000,0x00000000dcb80000)
 ParOldGen       total 80896K, used 4761K [0x000000008a000000, 0x000000008ef00000, 0x00000000d8b00000)
  object space 80896K, 5% used [0x000000008a000000,0x000000008a4a6700,0x000000008ef00000)
 Metaspace       used 13585K, capacity 13875K, committed 14208K, reserved 1060864K
  class space    used 1681K, capacity 1809K, committed 1920K, reserved 1048576K
Event: 19.648 GC heap after
Heap after GC invocations=5 (full 0):
 PSYoungGen      total 66048K, used 4576K [0x00000000d8b00000, 0x00000000e1400000, 0x0000000100000000)
  eden space 61440K, 0% used [0x00000000d8b00000,0x00000000d8b00000,0x00000000dc700000)
  from space 4608K, 99% used [0x00000000dc700000,0x00000000dcb78010,0x00000000dcb80000)
  to   space 8704K, 0% used [0x00000000e0b80000,0x00000000e0b80000,0x00000000e1400000)
 ParOldGen       total 80896K, used 8550K [0x000000008a000000, 0x000000008ef00000, 0x00000000d8b00000)
  object space 80896K, 10% used [0x000000008a000000,0x000000008a859910,0x000000008ef00000)
 Metaspace       used 13585K, capacity 13875K, committed 14208K, reserved 1060864K
  class space    used 1681K, capacity 1809K, committed 1920K, reserved 1048576K
}
Event: 19.919 GC heap before
{Heap before GC invocations=6 (full 0):
 PSYoungGen      total 66048K, used 66016K [0x00000000d8b00000, 0x00000000e1400000, 0x0000000100000000)
  eden space 61440K, 100% used [0x00000000d8b00000,0x00000000dc700000,0x00000000dc700000)
  from space 4608K, 99% used [0x00000000dc700000,0x00000000dcb78010,0x00000000dcb80000)
  to   space 8704K, 0% used [0x00000000e0b80000,0x00000000e0b80000,0x00000000e1400000)
 ParOldGen       total 80896K, used 8550K [0x000000008a000000, 0x000000008ef00000, 0x00000000d8b00000)
  object space 80896K, 10% used [0x000000008a000000,0x000000008a859910,0x000000008ef00000)
 Metaspace       used 13613K, capacity 13939K, committed 14208K, reserved 1060864K
  class space    used 1681K, capacity 1809K, committed 1920K, reserved 1048576K
Event: 20.002 GC heap after
Heap after GC invocations=6 (full 0):
 PSYoungGen      total 130560K, used 7968K [0x00000000d8b00000, 0x00000000e1600000, 0x0000000100000000)
  eden space 121856K, 0% used [0x00000000d8b00000,0x00000000d8b00000,0x00000000e0200000)
  from space 8704K, 91% used [0x00000000e0b80000,0x00000000e1348010,0x00000000e1400000)
  to   space 9728K, 0% used [0x00000000e0200000,0x00000000e0200000,0x00000000e0b80000)
 ParOldGen       total 80896K, used 8550K [0x000000008a000000, 0x000000008ef00000, 0x00000000d8b00000)
  object space 80896K, 10% used [0x000000008a000000,0x000000008a859910,0x000000008ef00000)
 Metaspace       used 13613K, capacity 13939K, committed 14208K, reserved 1060864K
  class space    used 1681K, capacity 1809K, committed 1920K, reserved 1048576K
}
Event: 21.322 GC heap before
{Heap before GC invocations=7 (full 0):
 PSYoungGen      total 130560K, used 129824K [0x00000000d8b00000, 0x00000000e1600000, 0x0000000100000000)
  eden space 121856K, 100% used [0x00000000d8b00000,0x00000000e0200000,0x00000000e0200000)
  from space 8704K, 91% used [0x00000000e0b80000,0x00000000e1348010,0x00000000e1400000)
  to   space 9728K, 0% used [0x00000000e0200000,0x00000000e0200000,0x00000000e0b80000)
 ParOldGen       total 80896K, used 8550K [0x000000008a000000, 0x000000008ef00000, 0x00000000d8b00000)
  object space 80896K, 10% used [0x000000008a000000,0x000000008a859910,0x000000008ef00000)
 Metaspace       used 13613K, capacity 13939K, committed 14208K, reserved 1060864K
  class space    used 1681K, capacity 1809K, committed 1920K, reserved 1048576K
Event: 21.403 GC heap after
Heap after GC invocations=7 (full 0):
 PSYoungGen      total 131584K, used 9696K [0x00000000d8b00000, 0x00000000e9300000, 0x0000000100000000)
  eden space 121856K, 0% used [0x00000000d8b00000,0x00000000d8b00000,0x00000000e0200000)
  from space 9728K, 99% used [0x00000000e0200000,0x00000000e0b78010,0x00000000e0b80000)
  to   space 13312K, 0% used [0x00000000e8600000,0x00000000e8600000,0x00000000e9300000)
 ParOldGen       total 80896K, used 13560K [0x000000008a000000, 0x000000008ef00000, 0x00000000d8b00000)
  object space 80896K, 16% used [0x000000008a000000,0x000000008ad3e100,0x000000008ef00000)
 Metaspace       used 13613K, capacity 13939K, committed 14208K, reserved 1060864K
  class space    used 1681K, capacity 1809K, committed 1920K, reserved 1048576K
}
Event: 22.472 GC heap before
{Heap before GC invocations=8 (full 0):
 PSYoungGen      total 131584K, used 131552K [0x00000000d8b00000, 0x00000000e9300000, 0x0000000100000000)
  eden space 121856K, 100% used [0x00000000d8b00000,0x00000000e0200000,0x00000000e0200000)
  from space 9728K, 99% used [0x00000000e0200000,0x00000000e0b78010,0x00000000e0b80000)
  to   space 13312K, 0% used [0x00000000e8600000,0x00000000e8600000,0x00000000e9300000)
 ParOldGen       total 80896K, used 13560K [0x000000008a000000, 0x000000008ef00000, 0x00000000d8b00000)
  object space 80896K, 16% used [0x000000008a000000,0x000000008ad3e100,0x000000008ef00000)
 Metaspace       used 13613K, capacity 13939K, committed 14208K, reserved 1060864K
  class space    used 1681K, capacity 1809K, committed 1920K, reserved 1048576K
Event: 22.515 GC heap after
Heap after GC invocations=8 (full 0):
 PSYoungGen      total 254464K, used 13280K [0x00000000d8b00000, 0x00000000e9800000, 0x0000000100000000)
  eden space 241152K, 0% used [0x00000000d8b00000,0x00000000d8b00000,0x00000000e7680000)
  from space 13312K, 99% used [0x00000000e8600000,0x00000000e92f8010,0x00000000e9300000)
  to   space 15872K, 0% used [0x00000000e7680000,0x00000000e7680000,0x00000000e8600000)
 ParOldGen       total 80896K, used 16056K [0x000000008a000000, 0x000000008ef00000, 0x00000000d8b00000)
  object space 80896K, 19% used [0x000000008a000000,0x000000008afae100,0x000000008ef00000)
 Metaspace       used 13613K, capacity 13939K, committed 14208K, reserved 1060864K
  class space    used 1681K, capacity 1809K, committed 1920K, reserved 1048576K
}
Event: 24.523 GC heap before
{Heap before GC invocations=9 (full 0):
 PSYoungGen      total 254464K, used 254432K [0x00000000d8b00000, 0x00000000e9800000, 0x0000000100000000)
  eden space 241152K, 100% used [0x00000000d8b00000,0x00000000e7680000,0x00000000e7680000)
  from space 13312K, 99% used [0x00000000e8600000,0x00000000e92f8010,0x00000000e9300000)
  to   space 15872K, 0% used [0x00000000e7680000,0x00000000e7680000,0x00000000e8600000)
 ParOldGen       total 80896K, used 16056K [0x000000008a000000, 0x000000008ef00000, 0x00000000d8b00000)
  object space 80896K, 19% used [0x000000008a000000,0x000000008afae100,0x000000008ef00000)
 Metaspace       used 13619K, capacity 13939K, committed 14208K, reserved 1060864K
  class space    used 1681K, capacity 1809K, committed 1920K, reserved 1048576K
Event: 24.642 GC heap after
Heap after GC invocations=9 (full 0):
 PSYoungGen      total 257024K, used 15840K [0x00000000d8b00000, 0x00000000f3000000, 0x0000000100000000)
  eden space 241152K, 0% used [0x00000000d8b00000,0x00000000d8b00000,0x00000000e7680000)
  from space 15872K, 99% used [0x00000000e7680000,0x00000000e85f8010,0x00000000e8600000)
  to   space 22528K, 0% used [0x00000000f1a00000,0x00000000f1a00000,0x00000000f3000000)
 ParOldGen       total 80896K, used 27424K [0x000000008a000000, 0x000000008ef00000, 0x00000000d8b00000)
  object space 80896K, 33% used [0x000000008a000000,0x000000008bac8100,0x000000008ef00000)
 Metaspace       used 13619K, capacity 13939K, committed 14208K, reserved 1060864K
  class space    used 1681K, capacity 1809K, committed 1920K, reserved 1048576K
}

