# JRE version: Java(TM) SE Runtime Environment (8.0_51-b16) (build 1.8.0_51-b16)
# Java VM: Java HotSpot(TM) 64-Bit Server VM (25.51-b03 mixed mode windows-amd64 compressed oops)
Heap:
 PSYoungGen      total 127488K, used 121199K [0x00000000d8b00000, 0x00000000e9300000, 0x0000000100000000)
  eden space 122880K, 94% used [0x00000000d8b00000,0x00000000dfcdfdd0,0x00000000e0300000)
  from space 4608K, 99% used [0x00000000e0300000,0x00000000e077c020,0x00000000e0780000)
  to   space 12288K, 0% used [0x00000000e8700000,0x00000000e8700000,0x00000000e9300000)
 ParOldGen       total 80896K, used 14952K [0x000000008a000000, 0x000000008ef00000, 0x00000000d8b00000)
  object space 80896K, 18% used [0x000000008a000000,0x000000008ae9a2a8,0x000000008ef00000)
 Metaspace       used 13584K, capacity 13875K, committed 14208K, reserved 1060864K
  class space    used 1680K, capacity 1809K, committed 1920K, reserved 1048576K
GC Heap History (10 events):
Event: 4.576 GC heap before
{Heap before GC invocations=1 (full 0):
 PSYoungGen      total 35328K, used 30720K [0x00000000d8b00000, 0x00000000db200000, 0x0000000100000000)
  eden space 30720K, 100% used [0x00000000d8b00000,0x00000000da900000,0x00000000da900000)
  from space 4608K, 0% used [0x00000000dad80000,0x00000000dad80000,0x00000000db200000)
  to   space 4608K, 0% used [0x00000000da900000,0x00000000da900000,0x00000000dad80000)
 ParOldGen       total 80896K, used 0K [0x000000008a000000, 0x000000008ef00000, 0x00000000d8b00000)
  object space 80896K, 0% used [0x000000008a000000,0x000000008a000000,0x000000008ef00000)
 Metaspace       used 12351K, capacity 12668K, committed 13056K, reserved 1060864K
  class space    used 1557K, capacity 1676K, committed 1792K, reserved 1048576K
Event: 4.958 GC heap after
Heap after GC invocations=1 (full 0):
 PSYoungGen      total 35328K, used 4591K [0x00000000d8b00000, 0x00000000dd000000, 0x0000000100000000)
  eden space 30720K, 0% used [0x00000000d8b00000,0x00000000d8b00000,0x00000000da900000)
  from space 4608K, 99% used [0x00000000da900000,0x00000000dad7bda8,0x00000000dad80000)
  to   space 4608K, 0% used [0x00000000dcb80000,0x00000000dcb80000,0x00000000dd000000)
 ParOldGen       total 80896K, used 1065K [0x000000008a000000, 0x000000008ef00000, 0x00000000d8b00000)
  object space 80896K, 1% used [0x000000008a000000,0x000000008a10a6a0,0x000000008ef00000)
 Metaspace       used 12351K, capacity 12668K, committed 13056K, reserved 1060864K
  class space    used 1557K, capacity 1676K, committed 1792K, reserved 1048576K
}
Event: 6.422 GC heap before
{Heap before GC invocations=2 (full 0):
 PSYoungGen      total 35328K, used 35311K [0x00000000d8b00000, 0x00000000dd000000, 0x0000000100000000)
  eden space 30720K, 100% used [0x00000000d8b00000,0x00000000da900000,0x00000000da900000)
  from space 4608K, 99% used [0x00000000da900000,0x00000000dad7bda8,0x00000000dad80000)
  to   space 4608K, 0% used [0x00000000dcb80000,0x00000000dcb80000,0x00000000dd000000)
 ParOldGen       total 80896K, used 1065K [0x000000008a000000, 0x000000008ef00000, 0x00000000d8b00000)
  object space 80896K, 1% used [0x000000008a000000,0x000000008a10a6a0,0x000000008ef00000)
 Metaspace       used 13468K, capacity 13779K, committed 14080K, reserved 1060864K
  class space    used 1672K, capacity 1777K, committed 1792K, reserved 1048576K
Event: 6.550 GC heap after
Heap after GC invocations=2 (full 0):
 PSYoungGen      total 66048K, used 4605K [0x00000000d8b00000, 0x00000000dd000000, 0x0000000100000000)
  eden space 61440K, 0% used [0x00000000d8b00000,0x00000000d8b00000,0x00000000dc700000)
  from space 4608K, 99% used [0x00000000dcb80000,0x00000000dcfff618,0x00000000dd000000)
  to   space 4608K, 0% used [0x00000000dc700000,0x00000000dc700000,0x00000000dcb80000)
 ParOldGen       total 80896K, used 1145K [0x000000008a000000, 0x000000008ef00000, 0x00000000d8b00000)
  object space 80896K, 1% used [0x000000008a000000,0x000000008a11e418,0x000000008ef00000)
 Metaspace       used 13468K, capacity 13779K, committed 14080K, reserved 1060864K
  class space    used 1672K, capacity 1777K, committed 1792K, reserved 1048576K
}
Event: 7.008 GC heap before
{Heap before GC invocations=3 (full 0):
 PSYoungGen      total 66048K, used 66045K [0x00000000d8b00000, 0x00000000dd000000, 0x0000000100000000)
  eden space 61440K, 100% used [0x00000000d8b00000,0x00000000dc700000,0x00000000dc700000)
  from space 4608K, 99% used [0x00000000dcb80000,0x00000000dcfff618,0x00000000dd000000)
  to   space 4608K, 0% used [0x00000000dc700000,0x00000000dc700000,0x00000000dcb80000)
 ParOldGen       total 80896K, used 1145K [0x000000008a000000, 0x000000008ef00000, 0x00000000d8b00000)
  object space 80896K, 1% used [0x000000008a000000,0x000000008a11e418,0x000000008ef00000)
 Metaspace       used 13482K, capacity 13779K, committed 14080K, reserved 1060864K
  class space    used 1672K, capacity 1777K, committed 1792K, reserved 1048576K
Event: 7.037 GC heap after
Heap after GC invocations=3 (full 0):
 PSYoungGen      total 66048K, used 4576K [0x00000000d8b00000, 0x00000000e0c00000, 0x0000000100000000)
  eden space 61440K, 0% used [0x00000000d8b00000,0x00000000d8b00000,0x00000000dc700000)
  from space 4608K, 99% used [0x00000000dc700000,0x00000000dcb78040,0x00000000dcb80000)
  to   space 4608K, 0% used [0x00000000e0780000,0x00000000e0780000,0x00000000e0c00000)
 ParOldGen       total 80896K, used 4624K [0x000000008a000000, 0x000000008ef00000, 0x00000000d8b00000)
  object space 80896K, 5% used [0x000000008a000000,0x000000008a484078,0x000000008ef00000)
 Metaspace       used 13482K, capacity 13779K, committed 14080K, reserved 1060864K
  class space    used 1672K, capacity 1777K, committed 1792K, reserved 1048576K
}
Event: 7.298 GC heap before
{Heap before GC invocations=4 (full 0):
 PSYoungGen      total 66048K, used 66016K [0x00000000d8b00000, 0x00000000e0c00000, 0x0000000100000000)
  eden space 61440K, 100% used [0x00000000d8b00000,0x00000000dc700000,0x00000000dc700000)
  from space 4608K, 99% used [0x00000000dc700000,0x00000000dcb78040,0x00000000dcb80000)
  to   space 4608K, 0% used [0x00000000e0780000,0x00000000e0780000,0x00000000e0c00000)
 ParOldGen       total 80896K, used 4624K [0x000000008a000000, 0x000000008ef00000, 0x00000000d8b00000)
  object space 80896K, 5% used [0x000000008a000000,0x000000008a484078,0x000000008ef00000)
 Metaspace       used 13556K, capacity 13875K, committed 14208K, reserved 1060864K
  class space    used 1680K, capacity 1809K, committed 1920K, reserved 1048576K
Event: 7.352 GC heap after
Heap after GC invocations=4 (full 0):
 PSYoungGen      total 127488K, used 4592K [0x00000000d8b00000, 0x00000000e0c00000, 0x0000000100000000)
  eden space 122880K, 0% used [0x00000000d8b00000,0x00000000d8b00000,0x00000000e0300000)
  from space 4608K, 99% used [0x00000000e0780000,0x00000000e0bfc030,0x00000000e0c00000)
  to   space 4608K, 0% used [0x00000000e0300000,0x00000000e0300000,0x00000000e0780000)
 ParOldGen       total 80896K, used 8376K [0x000000008a000000, 0x000000008ef00000, 0x00000000d8b00000)
  object space 80896K, 10% used [0x000000008a000000,0x000000008a82e298,0x000000008ef00000)
 Metaspace       used 13556K, capacity 13875K, committed 14208K, reserved 1060864K
  class space    used 1680K, capacity 1809K, committed 1920K, reserved 1048576K
}
Event: 8.634 GC heap before
{Heap before GC invocations=5 (full 0):
 PSYoungGen      total 127488K, used 127472K [0x00000000d8b00000, 0x00000000e0c00000, 0x0000000100000000)
  eden space 122880K, 100% used [0x00000000d8b00000,0x00000000e0300000,0x00000000e0300000)
  from space 4608K, 99% used [0x00000000e0780000,0x00000000e0bfc030,0x00000000e0c00000)
  to   space 4608K, 0% used [0x00000000e0300000,0x00000000e0300000,0x00000000e0780000)
 ParOldGen       total 80896K, used 8376K [0x000000008a000000, 0x000000008ef00000, 0x00000000d8b00000)
  object space 80896K, 10% used [0x000000008a000000,0x000000008a82e298,0x000000008ef00000)
 Metaspace       used 13584K, capacity 13875K, committed 14208K, reserved 1060864K
  class space    used 1680K, capacity 1809K, committed 1920K, reserved 1048576K
Event: 8.780 GC heap after
Heap after GC invocations=5 (full 0):
 PSYoungGen      total 127488K, used 4592K [0x00000000d8b00000, 0x00000000e9300000, 0x0000000100000000)
  eden space 122880K, 0% used [0x00000000d8b00000,0x00000000d8b00000,0x00000000e0300000)
  from space 4608K, 99% used [0x00000000e0300000,0x00000000e077c020,0x00000000e0780000)
  to   space 12288K, 0% used [0x00000000e8700000,0x00000000e8700000,0x00000000e9300000)
 ParOldGen       total 80896K, used 14952K [0x000000008a000000, 0x000000008ef00000, 0x00000000d8b00000)
  object space 80896K, 18% used [0x000000008a000000,0x000000008ae9a2a8,0x000000008ef00000)
 Metaspace       used 13584K, capacity 13875K, committed 14208K, reserved 1060864K
  class space    used 1680K, capacity 1809K, committed 1920K, reserved 1048576K
}

