# JRE version: Java(TM) SE Runtime Environment (8.0_51-b16) (build 1.8.0_51-b16)
# Java VM: Java HotSpot(TM) 64-Bit Server VM (25.51-b03 mixed mode windows-amd64 compressed oops)
Heap:
 PSYoungGen      total 258048K, used 195259K [0x00000000d8b00000, 0x00000000f3180000, 0x0000000100000000)
  eden space 242176K, 74% used [0x00000000d8b00000,0x00000000e3a36c90,0x00000000e7780000)
  from space 15872K, 99% used [0x00000000e7780000,0x00000000e86f8010,0x00000000e8700000)
  to   space 22528K, 0% used [0x00000000f1b80000,0x00000000f1b80000,0x00000000f3180000)
 ParOldGen       total 80896K, used 27507K [0x000000008a000000, 0x000000008ef00000, 0x00000000d8b00000)
  object space 80896K, 34% used [0x000000008a000000,0x000000008badcc88,0x000000008ef00000)
 Metaspace       used 14846K, capacity 15185K, committed 15360K, reserved 1062912K
  class space    used 1844K, capacity 1970K, committed 2048K, reserved 1048576K
GC Heap History (10 events):
Event: 24.752 GC heap before
{Heap before GC invocations=5 (full 0):
 PSYoungGen      total 66048K, used 66032K [0x00000000d8b00000, 0x00000000dd000000, 0x0000000100000000)
  eden space 61440K, 100% used [0x00000000d8b00000,0x00000000dc700000,0x00000000dc700000)
  from space 4608K, 99% used [0x00000000dcb80000,0x00000000dcffc030,0x00000000dd000000)
  to   space 4608K, 0% used [0x00000000dc700000,0x00000000dc700000,0x00000000dcb80000)
 ParOldGen       total 80896K, used 4675K [0x000000008a000000, 0x000000008ef00000, 0x00000000d8b00000)
  object space 80896K, 5% used [0x000000008a000000,0x000000008a490fb0,0x000000008ef00000)
 Metaspace       used 13575K, capacity 13871K, committed 14208K, reserved 1060864K
  class space    used 1681K, capacity 1809K, committed 1920K, reserved 1048576K
Event: 24.850 GC heap after
Heap after GC invocations=5 (full 0):
 PSYoungGen      total 66048K, used 4576K [0x00000000d8b00000, 0x00000000e1400000, 0x0000000100000000)
  eden space 61440K, 0% used [0x00000000d8b00000,0x00000000d8b00000,0x00000000dc700000)
  from space 4608K, 99% used [0x00000000dc700000,0x00000000dcb78020,0x00000000dcb80000)
  to   space 8704K, 0% used [0x00000000e0b80000,0x00000000e0b80000,0x00000000e1400000)
 ParOldGen       total 80896K, used 8419K [0x000000008a000000, 0x000000008ef00000, 0x00000000d8b00000)
  object space 80896K, 10% used [0x000000008a000000,0x000000008a838fb0,0x000000008ef00000)
 Metaspace       used 13575K, capacity 13871K, committed 14208K, reserved 1060864K
  class space    used 1681K, capacity 1809K, committed 1920K, reserved 1048576K
}
Event: 25.231 GC heap before
{Heap before GC invocations=6 (full 0):
 PSYoungGen      total 66048K, used 66016K [0x00000000d8b00000, 0x00000000e1400000, 0x0000000100000000)
  eden space 61440K, 100% used [0x00000000d8b00000,0x00000000dc700000,0x00000000dc700000)
  from space 4608K, 99% used [0x00000000dc700000,0x00000000dcb78020,0x00000000dcb80000)
  to   space 8704K, 0% used [0x00000000e0b80000,0x00000000e0b80000,0x00000000e1400000)
 ParOldGen       total 80896K, used 8419K [0x000000008a000000, 0x000000008ef00000, 0x00000000d8b00000)
  object space 80896K, 10% used [0x000000008a000000,0x000000008a838fb0,0x000000008ef00000)
 Metaspace       used 13603K, capacity 13871K, committed 14208K, reserved 1060864K
  class space    used 1681K, capacity 1809K, committed 1920K, reserved 1048576K
Event: 25.311 GC heap after
Heap after GC invocations=6 (full 0):
 PSYoungGen      total 131072K, used 7888K [0x00000000d8b00000, 0x00000000e1500000, 0x0000000100000000)
  eden space 122368K, 0% used [0x00000000d8b00000,0x00000000d8b00000,0x00000000e0280000)
  from space 8704K, 90% used [0x00000000e0b80000,0x00000000e1334030,0x00000000e1400000)
  to   space 9216K, 0% used [0x00000000e0280000,0x00000000e0280000,0x00000000e0b80000)
 ParOldGen       total 80896K, used 8419K [0x000000008a000000, 0x000000008ef00000, 0x00000000d8b00000)
  object space 80896K, 10% used [0x000000008a000000,0x000000008a838fb0,0x000000008ef00000)
 Metaspace       used 13603K, capacity 13871K, committed 14208K, reserved 1060864K
  class space    used 1681K, capacity 1809K, committed 1920K, reserved 1048576K
}
Event: 26.123 GC heap before
{Heap before GC invocations=7 (full 0):
 PSYoungGen      total 131072K, used 130256K [0x00000000d8b00000, 0x00000000e1500000, 0x0000000100000000)
  eden space 122368K, 100% used [0x00000000d8b00000,0x00000000e0280000,0x00000000e0280000)
  from space 8704K, 90% used [0x00000000e0b80000,0x00000000e1334030,0x00000000e1400000)
  to   space 9216K, 0% used [0x00000000e0280000,0x00000000e0280000,0x00000000e0b80000)
 ParOldGen       total 80896K, used 8419K [0x000000008a000000, 0x000000008ef00000, 0x00000000d8b00000)
  object space 80896K, 10% used [0x000000008a000000,0x000000008a838fb0,0x000000008ef00000)
 Metaspace       used 13605K, capacity 13871K, committed 14208K, reserved 1060864K
  class space    used 1681K, capacity 1809K, committed 1920K, reserved 1048576K
Event: 26.190 GC heap after
Heap after GC invocations=7 (full 0):
 PSYoungGen      total 131584K, used 9184K [0x00000000d8b00000, 0x00000000e9400000, 0x0000000100000000)
  eden space 122368K, 0% used [0x00000000d8b00000,0x00000000d8b00000,0x00000000e0280000)
  from space 9216K, 99% used [0x00000000e0280000,0x00000000e0b78010,0x00000000e0b80000)
  to   space 13312K, 0% used [0x00000000e8700000,0x00000000e8700000,0x00000000e9400000)
 ParOldGen       total 80896K, used 14006K [0x000000008a000000, 0x000000008ef00000, 0x00000000d8b00000)
  object space 80896K, 17% used [0x000000008a000000,0x000000008adada78,0x000000008ef00000)
 Metaspace       used 13605K, capacity 13871K, committed 14208K, reserved 1060864K
  class space    used 1681K, capacity 1809K, committed 1920K, reserved 1048576K
}
Event: 26.717 GC heap before
{Heap before GC invocations=8 (full 0):
 PSYoungGen      total 131584K, used 131552K [0x00000000d8b00000, 0x00000000e9400000, 0x0000000100000000)
  eden space 122368K, 100% used [0x00000000d8b00000,0x00000000e0280000,0x00000000e0280000)
  from space 9216K, 99% used [0x00000000e0280000,0x00000000e0b78010,0x00000000e0b80000)
  to   space 13312K, 0% used [0x00000000e8700000,0x00000000e8700000,0x00000000e9400000)
 ParOldGen       total 80896K, used 14006K [0x000000008a000000, 0x000000008ef00000, 0x00000000d8b00000)
  object space 80896K, 17% used [0x000000008a000000,0x000000008adada78,0x000000008ef00000)
 Metaspace       used 13605K, capacity 13871K, committed 14208K, reserved 1060864K
  class space    used 1681K, capacity 1809K, committed 1920K, reserved 1048576K
Event: 26.907 GC heap after
Heap after GC invocations=8 (full 0):
 PSYoungGen      total 255488K, used 13280K [0x00000000d8b00000, 0x00000000e9900000, 0x0000000100000000)
  eden space 242176K, 0% used [0x00000000d8b00000,0x00000000d8b00000,0x00000000e7780000)
  from space 13312K, 99% used [0x00000000e8700000,0x00000000e93f8010,0x00000000e9400000)
  to   space 15872K, 0% used [0x00000000e7780000,0x00000000e7780000,0x00000000e8700000)
 ParOldGen       total 80896K, used 16134K [0x000000008a000000, 0x000000008ef00000, 0x00000000d8b00000)
  object space 80896K, 19% used [0x000000008a000000,0x000000008afc1a78,0x000000008ef00000)
 Metaspace       used 13605K, capacity 13871K, committed 14208K, reserved 1060864K
  class space    used 1681K, capacity 1809K, committed 1920K, reserved 1048576K
}
Event: 28.536 GC heap before
{Heap before GC invocations=9 (full 0):
 PSYoungGen      total 255488K, used 255456K [0x00000000d8b00000, 0x00000000e9900000, 0x0000000100000000)
  eden space 242176K, 100% used [0x00000000d8b00000,0x00000000e7780000,0x00000000e7780000)
  from space 13312K, 99% used [0x00000000e8700000,0x00000000e93f8010,0x00000000e9400000)
  to   space 15872K, 0% used [0x00000000e7780000,0x00000000e7780000,0x00000000e8700000)
 ParOldGen       total 80896K, used 16134K [0x000000008a000000, 0x000000008ef00000, 0x00000000d8b00000)
  object space 80896K, 19% used [0x000000008a000000,0x000000008afc1a78,0x000000008ef00000)
 Metaspace       used 13610K, capacity 13935K, committed 14208K, reserved 1060864K
  class space    used 1681K, capacity 1809K, committed 1920K, reserved 1048576K
Event: 28.644 GC heap after
Heap after GC invocations=9 (full 0):
 PSYoungGen      total 258048K, used 15840K [0x00000000d8b00000, 0x00000000f3180000, 0x0000000100000000)
  eden space 242176K, 0% used [0x00000000d8b00000,0x00000000d8b00000,0x00000000e7780000)
  from space 15872K, 99% used [0x00000000e7780000,0x00000000e86f8010,0x00000000e8700000)
  to   space 22528K, 0% used [0x00000000f1b80000,0x00000000f1b80000,0x00000000f3180000)
 ParOldGen       total 80896K, used 27507K [0x000000008a000000, 0x000000008ef00000, 0x00000000d8b00000)
  object space 80896K, 34% used [0x000000008a000000,0x000000008badcc88,0x000000008ef00000)
 Metaspace       used 13610K, capacity 13935K, committed 14208K, reserved 1060864K
  class space    used 1681K, capacity 1809K, committed 1920K, reserved 1048576K
}

