# JRE version: Java(TM) SE Runtime Environment (8.0_51-b16) (build 1.8.0_51-b16)
# Java VM: Java HotSpot(TM) 64-Bit Server VM (25.51-b03 mixed mode windows-amd64 compressed oops)
Heap:
 PSYoungGen      total 257024K, used 46363K [0x00000000d8b00000, 0x00000000f3000000, 0x0000000100000000)
  eden space 240640K, 12% used [0x00000000d8b00000,0x00000000da84ee98,0x00000000e7600000)
  from space 16384K, 99% used [0x00000000e7600000,0x00000000e85f8010,0x00000000e8600000)
  to   space 23040K, 0% used [0x00000000f1980000,0x00000000f1980000,0x00000000f3000000)
 ParOldGen       total 80896K, used 26765K [0x000000008a000000, 0x000000008ef00000, 0x00000000d8b00000)
  object space 80896K, 33% used [0x000000008a000000,0x000000008ba237d8,0x000000008ef00000)
 Metaspace       used 14030K, capacity 14327K, committed 14464K, reserved 1062912K
  class space    used 1744K, capacity 1873K, committed 1920K, reserved 1048576K
GC Heap History (10 events):
Event: 13.046 GC heap before
{Heap before GC invocations=5 (full 0):
 PSYoungGen      total 66048K, used 66032K [0x00000000d8b00000, 0x00000000dd000000, 0x0000000100000000)
  eden space 61440K, 100% used [0x00000000d8b00000,0x00000000dc700000,0x00000000dc700000)
  from space 4608K, 99% used [0x00000000dcb80000,0x00000000dcffc020,0x00000000dd000000)
  to   space 4608K, 0% used [0x00000000dc700000,0x00000000dc700000,0x00000000dcb80000)
 ParOldGen       total 80896K, used 4600K [0x000000008a000000, 0x000000008ef00000, 0x00000000d8b00000)
  object space 80896K, 5% used [0x000000008a000000,0x000000008a47e010,0x000000008ef00000)
 Metaspace       used 13594K, capacity 13875K, committed 14208K, reserved 1060864K
  class space    used 1682K, capacity 1809K, committed 1920K, reserved 1048576K
Event: 13.076 GC heap after
Heap after GC invocations=5 (full 0):
 PSYoungGen      total 66048K, used 4592K [0x00000000d8b00000, 0x00000000e1400000, 0x0000000100000000)
  eden space 61440K, 0% used [0x00000000d8b00000,0x00000000d8b00000,0x00000000dc700000)
  from space 4608K, 99% used [0x00000000dc700000,0x00000000dcb7c020,0x00000000dcb80000)
  to   space 8704K, 0% used [0x00000000e0b80000,0x00000000e0b80000,0x00000000e1400000)
 ParOldGen       total 80896K, used 8344K [0x000000008a000000, 0x000000008ef00000, 0x00000000d8b00000)
  object space 80896K, 10% used [0x000000008a000000,0x000000008a826010,0x000000008ef00000)
 Metaspace       used 13594K, capacity 13875K, committed 14208K, reserved 1060864K
  class space    used 1682K, capacity 1809K, committed 1920K, reserved 1048576K
}
Event: 13.315 GC heap before
{Heap before GC invocations=6 (full 0):
 PSYoungGen      total 66048K, used 66032K [0x00000000d8b00000, 0x00000000e1400000, 0x0000000100000000)
  eden space 61440K, 100% used [0x00000000d8b00000,0x00000000dc700000,0x00000000dc700000)
  from space 4608K, 99% used [0x00000000dc700000,0x00000000dcb7c020,0x00000000dcb80000)
  to   space 8704K, 0% used [0x00000000e0b80000,0x00000000e0b80000,0x00000000e1400000)
 ParOldGen       total 80896K, used 8344K [0x000000008a000000, 0x000000008ef00000, 0x00000000d8b00000)
  object space 80896K, 10% used [0x000000008a000000,0x000000008a826010,0x000000008ef00000)
 Metaspace       used 13621K, capacity 13939K, committed 14208K, reserved 1060864K
  class space    used 1682K, capacity 1809K, committed 1920K, reserved 1048576K
Event: 13.407 GC heap after
Heap after GC invocations=6 (full 0):
 PSYoungGen      total 130560K, used 7936K [0x00000000d8b00000, 0x00000000e1600000, 0x0000000100000000)
  eden space 121856K, 0% used [0x00000000d8b00000,0x00000000d8b00000,0x00000000e0200000)
  from space 8704K, 91% used [0x00000000e0b80000,0x00000000e1340030,0x00000000e1400000)
  to   space 9728K, 0% used [0x00000000e0200000,0x00000000e0200000,0x00000000e0b80000)
 ParOldGen       total 80896K, used 8344K [0x000000008a000000, 0x000000008ef00000, 0x00000000d8b00000)
  object space 80896K, 10% used [0x000000008a000000,0x000000008a826010,0x000000008ef00000)
 Metaspace       used 13621K, capacity 13939K, committed 14208K, reserved 1060864K
  class space    used 1682K, capacity 1809K, committed 1920K, reserved 1048576K
}
Event: 14.457 GC heap before
{Heap before GC invocations=7 (full 0):
 PSYoungGen      total 130560K, used 129792K [0x00000000d8b00000, 0x00000000e1600000, 0x0000000100000000)
  eden space 121856K, 100% used [0x00000000d8b00000,0x00000000e0200000,0x00000000e0200000)
  from space 8704K, 91% used [0x00000000e0b80000,0x00000000e1340030,0x00000000e1400000)
  to   space 9728K, 0% used [0x00000000e0200000,0x00000000e0200000,0x00000000e0b80000)
 ParOldGen       total 80896K, used 8344K [0x000000008a000000, 0x000000008ef00000, 0x00000000d8b00000)
  object space 80896K, 10% used [0x000000008a000000,0x000000008a826010,0x000000008ef00000)
 Metaspace       used 13621K, capacity 13939K, committed 14208K, reserved 1060864K
  class space    used 1682K, capacity 1809K, committed 1920K, reserved 1048576K
Event: 14.506 GC heap after
Heap after GC invocations=7 (full 0):
 PSYoungGen      total 131584K, used 9696K [0x00000000d8b00000, 0x00000000e9300000, 0x0000000100000000)
  eden space 121856K, 0% used [0x00000000d8b00000,0x00000000d8b00000,0x00000000e0200000)
  from space 9728K, 99% used [0x00000000e0200000,0x00000000e0b78010,0x00000000e0b80000)
  to   space 13312K, 0% used [0x00000000e8600000,0x00000000e8600000,0x00000000e9300000)
 ParOldGen       total 80896K, used 13377K [0x000000008a000000, 0x000000008ef00000, 0x00000000d8b00000)
  object space 80896K, 16% used [0x000000008a000000,0x000000008ad105c8,0x000000008ef00000)
 Metaspace       used 13621K, capacity 13939K, committed 14208K, reserved 1060864K
  class space    used 1682K, capacity 1809K, committed 1920K, reserved 1048576K
}
Event: 14.977 GC heap before
{Heap before GC invocations=8 (full 0):
 PSYoungGen      total 131584K, used 131552K [0x00000000d8b00000, 0x00000000e9300000, 0x0000000100000000)
  eden space 121856K, 100% used [0x00000000d8b00000,0x00000000e0200000,0x00000000e0200000)
  from space 9728K, 99% used [0x00000000e0200000,0x00000000e0b78010,0x00000000e0b80000)
  to   space 13312K, 0% used [0x00000000e8600000,0x00000000e8600000,0x00000000e9300000)
 ParOldGen       total 80896K, used 13377K [0x000000008a000000, 0x000000008ef00000, 0x00000000d8b00000)
  object space 80896K, 16% used [0x000000008a000000,0x000000008ad105c8,0x000000008ef00000)
 Metaspace       used 13622K, capacity 13943K, committed 14208K, reserved 1060864K
  class space    used 1682K, capacity 1809K, committed 1920K, reserved 1048576K
Event: 15.005 GC heap after
Heap after GC invocations=8 (full 0):
 PSYoungGen      total 253952K, used 13280K [0x00000000d8b00000, 0x00000000e9900000, 0x0000000100000000)
  eden space 240640K, 0% used [0x00000000d8b00000,0x00000000d8b00000,0x00000000e7600000)
  from space 13312K, 99% used [0x00000000e8600000,0x00000000e92f8010,0x00000000e9300000)
  to   space 16384K, 0% used [0x00000000e7600000,0x00000000e7600000,0x00000000e8600000)
 ParOldGen       total 80896K, used 15881K [0x000000008a000000, 0x000000008ef00000, 0x00000000d8b00000)
  object space 80896K, 19% used [0x000000008a000000,0x000000008af825c8,0x000000008ef00000)
 Metaspace       used 13622K, capacity 13943K, committed 14208K, reserved 1060864K
  class space    used 1682K, capacity 1809K, committed 1920K, reserved 1048576K
}
Event: 16.537 GC heap before
{Heap before GC invocations=9 (full 0):
 PSYoungGen      total 253952K, used 253920K [0x00000000d8b00000, 0x00000000e9900000, 0x0000000100000000)
  eden space 240640K, 100% used [0x00000000d8b00000,0x00000000e7600000,0x00000000e7600000)
  from space 13312K, 99% used [0x00000000e8600000,0x00000000e92f8010,0x00000000e9300000)
  to   space 16384K, 0% used [0x00000000e7600000,0x00000000e7600000,0x00000000e8600000)
 ParOldGen       total 80896K, used 15881K [0x000000008a000000, 0x000000008ef00000, 0x00000000d8b00000)
  object space 80896K, 19% used [0x000000008a000000,0x000000008af825c8,0x000000008ef00000)
 Metaspace       used 13626K, capacity 13943K, committed 14208K, reserved 1060864K
  class space    used 1682K, capacity 1809K, committed 1920K, reserved 1048576K
Event: 16.658 GC heap after
Heap after GC invocations=9 (full 0):
 PSYoungGen      total 257024K, used 16352K [0x00000000d8b00000, 0x00000000f3000000, 0x0000000100000000)
  eden space 240640K, 0% used [0x00000000d8b00000,0x00000000d8b00000,0x00000000e7600000)
  from space 16384K, 99% used [0x00000000e7600000,0x00000000e85f8010,0x00000000e8600000)
  to   space 23040K, 0% used [0x00000000f1980000,0x00000000f1980000,0x00000000f3000000)
 ParOldGen       total 80896K, used 26765K [0x000000008a000000, 0x000000008ef00000, 0x00000000d8b00000)
  object space 80896K, 33% used [0x000000008a000000,0x000000008ba237d8,0x000000008ef00000)
 Metaspace       used 13626K, capacity 13943K, committed 14208K, reserved 1060864K
  class space    used 1682K, capacity 1809K, committed 1920K, reserved 1048576K
}

