# JRE version: Java(TM) SE Runtime Environment (8.0_51-b16) (build 1.8.0_51-b16)
# Java VM: Java HotSpot(TM) 64-Bit Server VM (25.51-b03 mixed mode windows-amd64 compressed oops)
Heap:
 PSYoungGen      total 258048K, used 45734K [0x00000000d8b00000, 0x00000000f3200000, 0x0000000100000000)
  eden space 241664K, 12% used [0x00000000d8b00000,0x00000000da7b1948,0x00000000e7700000)
  from space 16384K, 99% used [0x00000000e7700000,0x00000000e86f8010,0x00000000e8700000)
  to   space 23040K, 0% used [0x00000000f1b80000,0x00000000f1b80000,0x00000000f3200000)
 ParOldGen       total 80896K, used 26829K [0x000000008a000000, 0x000000008ef00000, 0x00000000d8b00000)
  object space 80896K, 33% used [0x000000008a000000,0x000000008ba33540,0x000000008ef00000)
 Metaspace       used 14012K, capacity 14319K, committed 14464K, reserved 1062912K
  class space    used 1743K, capacity 1873K, committed 1920K, reserved 1048576K
GC Heap History (10 events):
Event: 19.309 GC heap before
{Heap before GC invocations=5 (full 0):
 PSYoungGen      total 66048K, used 66016K [0x00000000d8b00000, 0x00000000dd000000, 0x0000000100000000)
  eden space 61440K, 100% used [0x00000000d8b00000,0x00000000dc700000,0x00000000dc700000)
  from space 4608K, 99% used [0x00000000dcb80000,0x00000000dcff8040,0x00000000dd000000)
  to   space 4608K, 0% used [0x00000000dc700000,0x00000000dc700000,0x00000000dcb80000)
 ParOldGen       total 80896K, used 4571K [0x000000008a000000, 0x000000008ef00000, 0x00000000d8b00000)
  object space 80896K, 5% used [0x000000008a000000,0x000000008a476f60,0x000000008ef00000)
 Metaspace       used 13569K, capacity 13871K, committed 14208K, reserved 1060864K
  class space    used 1681K, capacity 1809K, committed 1920K, reserved 1048576K
Event: 19.370 GC heap after
Heap after GC invocations=5 (full 0):
 PSYoungGen      total 66048K, used 4576K [0x00000000d8b00000, 0x00000000e1500000, 0x0000000100000000)
  eden space 61440K, 0% used [0x00000000d8b00000,0x00000000d8b00000,0x00000000dc700000)
  from space 4608K, 99% used [0x00000000dc700000,0x00000000dcb78020,0x00000000dcb80000)
  to   space 9216K, 0% used [0x00000000e0c00000,0x00000000e0c00000,0x00000000e1500000)
 ParOldGen       total 80896K, used 8344K [0x000000008a000000, 0x000000008ef00000, 0x00000000d8b00000)
  object space 80896K, 10% used [0x000000008a000000,0x000000008a826170,0x000000008ef00000)
 Metaspace       used 13569K, capacity 13871K, committed 14208K, reserved 1060864K
  class space    used 1681K, capacity 1809K, committed 1920K, reserved 1048576K
}
Event: 19.584 GC heap before
{Heap before GC invocations=6 (full 0):
 PSYoungGen      total 66048K, used 66016K [0x00000000d8b00000, 0x00000000e1500000, 0x0000000100000000)
  eden space 61440K, 100% used [0x00000000d8b00000,0x00000000dc700000,0x00000000dc700000)
  from space 4608K, 99% used [0x00000000dc700000,0x00000000dcb78020,0x00000000dcb80000)
  to   space 9216K, 0% used [0x00000000e0c00000,0x00000000e0c00000,0x00000000e1500000)
 ParOldGen       total 80896K, used 8344K [0x000000008a000000, 0x000000008ef00000, 0x00000000d8b00000)
  object space 80896K, 10% used [0x000000008a000000,0x000000008a826170,0x000000008ef00000)
 Metaspace       used 13597K, capacity 13871K, committed 14208K, reserved 1060864K
  class space    used 1681K, capacity 1809K, committed 1920K, reserved 1048576K
Event: 19.692 GC heap after
Heap after GC invocations=6 (full 0):
 PSYoungGen      total 131584K, used 7920K [0x00000000d8b00000, 0x00000000e1600000, 0x0000000100000000)
  eden space 122368K, 0% used [0x00000000d8b00000,0x00000000d8b00000,0x00000000e0280000)
  from space 9216K, 85% used [0x00000000e0c00000,0x00000000e13bc030,0x00000000e1500000)
  to   space 9728K, 0% used [0x00000000e0280000,0x00000000e0280000,0x00000000e0c00000)
 ParOldGen       total 80896K, used 8344K [0x000000008a000000, 0x000000008ef00000, 0x00000000d8b00000)
  object space 80896K, 10% used [0x000000008a000000,0x000000008a826170,0x000000008ef00000)
 Metaspace       used 13597K, capacity 13871K, committed 14208K, reserved 1060864K
  class space    used 1681K, capacity 1809K, committed 1920K, reserved 1048576K
}
Event: 20.729 GC heap before
{Heap before GC invocations=7 (full 0):
 PSYoungGen      total 131584K, used 130288K [0x00000000d8b00000, 0x00000000e1600000, 0x0000000100000000)
  eden space 122368K, 100% used [0x00000000d8b00000,0x00000000e0280000,0x00000000e0280000)
  from space 9216K, 85% used [0x00000000e0c00000,0x00000000e13bc030,0x00000000e1500000)
  to   space 9728K, 0% used [0x00000000e0280000,0x00000000e0280000,0x00000000e0c00000)
 ParOldGen       total 80896K, used 8344K [0x000000008a000000, 0x000000008ef00000, 0x00000000d8b00000)
  object space 80896K, 10% used [0x000000008a000000,0x000000008a826170,0x000000008ef00000)
 Metaspace       used 13599K, capacity 13871K, committed 14208K, reserved 1060864K
  class space    used 1681K, capacity 1809K, committed 1920K, reserved 1048576K
Event: 20.787 GC heap after
Heap after GC invocations=7 (full 0):
 PSYoungGen      total 132096K, used 9696K [0x00000000d8b00000, 0x00000000e9400000, 0x0000000100000000)
  eden space 122368K, 0% used [0x00000000d8b00000,0x00000000d8b00000,0x00000000e0280000)
  from space 9728K, 99% used [0x00000000e0280000,0x00000000e0bf8010,0x00000000e0c00000)
  to   space 13312K, 0% used [0x00000000e8700000,0x00000000e8700000,0x00000000e9400000)
 ParOldGen       total 80896K, used 13405K [0x000000008a000000, 0x000000008ef00000, 0x00000000d8b00000)
  object space 80896K, 16% used [0x000000008a000000,0x000000008ad17540,0x000000008ef00000)
 Metaspace       used 13599K, capacity 13871K, committed 14208K, reserved 1060864K
  class space    used 1681K, capacity 1809K, committed 1920K, reserved 1048576K
}
Event: 21.639 GC heap before
{Heap before GC invocations=8 (full 0):
 PSYoungGen      total 132096K, used 132064K [0x00000000d8b00000, 0x00000000e9400000, 0x0000000100000000)
  eden space 122368K, 100% used [0x00000000d8b00000,0x00000000e0280000,0x00000000e0280000)
  from space 9728K, 99% used [0x00000000e0280000,0x00000000e0bf8010,0x00000000e0c00000)
  to   space 13312K, 0% used [0x00000000e8700000,0x00000000e8700000,0x00000000e9400000)
 ParOldGen       total 80896K, used 13405K [0x000000008a000000, 0x000000008ef00000, 0x00000000d8b00000)
  object space 80896K, 16% used [0x000000008a000000,0x000000008ad17540,0x000000008ef00000)
 Metaspace       used 13602K, capacity 13871K, committed 14208K, reserved 1060864K
  class space    used 1681K, capacity 1809K, committed 1920K, reserved 1048576K
Event: 21.722 GC heap after
Heap after GC invocations=8 (full 0):
 PSYoungGen      total 254976K, used 13280K [0x00000000d8b00000, 0x00000000e9a00000, 0x0000000100000000)
  eden space 241664K, 0% used [0x00000000d8b00000,0x00000000d8b00000,0x00000000e7700000)
  from space 13312K, 99% used [0x00000000e8700000,0x00000000e93f8010,0x00000000e9400000)
  to   space 16384K, 0% used [0x00000000e7700000,0x00000000e7700000,0x00000000e8700000)
 ParOldGen       total 80896K, used 15997K [0x000000008a000000, 0x000000008ef00000, 0x00000000d8b00000)
  object space 80896K, 19% used [0x000000008a000000,0x000000008af9f540,0x000000008ef00000)
 Metaspace       used 13602K, capacity 13871K, committed 14208K, reserved 1060864K
  class space    used 1681K, capacity 1809K, committed 1920K, reserved 1048576K
}
Event: 24.946 GC heap before
{Heap before GC invocations=9 (full 0):
 PSYoungGen      total 254976K, used 254944K [0x00000000d8b00000, 0x00000000e9a00000, 0x0000000100000000)
  eden space 241664K, 100% used [0x00000000d8b00000,0x00000000e7700000,0x00000000e7700000)
  from space 13312K, 99% used [0x00000000e8700000,0x00000000e93f8010,0x00000000e9400000)
  to   space 16384K, 0% used [0x00000000e7700000,0x00000000e7700000,0x00000000e8700000)
 ParOldGen       total 80896K, used 15997K [0x000000008a000000, 0x000000008ef00000, 0x00000000d8b00000)
  object space 80896K, 19% used [0x000000008a000000,0x000000008af9f540,0x000000008ef00000)
 Metaspace       used 13608K, capacity 13871K, committed 14208K, reserved 1060864K
  class space    used 1681K, capacity 1809K, committed 1920K, reserved 1048576K
Event: 25.103 GC heap after
Heap after GC invocations=9 (full 0):
 PSYoungGen      total 258048K, used 16352K [0x00000000d8b00000, 0x00000000f3200000, 0x0000000100000000)
  eden space 241664K, 0% used [0x00000000d8b00000,0x00000000d8b00000,0x00000000e7700000)
  from space 16384K, 99% used [0x00000000e7700000,0x00000000e86f8010,0x00000000e8700000)
  to   space 23040K, 0% used [0x00000000f1b80000,0x00000000f1b80000,0x00000000f3200000)
 ParOldGen       total 80896K, used 26829K [0x000000008a000000, 0x000000008ef00000, 0x00000000d8b00000)
  object space 80896K, 33% used [0x000000008a000000,0x000000008ba33540,0x000000008ef00000)
 Metaspace       used 13608K, capacity 13871K, committed 14208K, reserved 1060864K
  class space    used 1681K, capacity 1809K, committed 1920K, reserved 1048576K
}

