# JRE version: Java(TM) SE Runtime Environment (8.0_51-b16) (build 1.8.0_51-b16)
# Java VM: Java HotSpot(TM) 64-Bit Server VM (25.51-b03 mixed mode windows-amd64 compressed oops)
Heap:
 PSYoungGen      total 257024K, used 62776K [0x00000000d8b00000, 0x00000000f3100000, 0x0000000100000000)
  eden space 241152K, 19% used [0x00000000d8b00000,0x00000000db8d6080,0x00000000e7680000)
  from space 15872K, 99% used [0x00000000e7680000,0x00000000e85f8010,0x00000000e8600000)
  to   space 23040K, 0% used [0x00000000f1a80000,0x00000000f1a80000,0x00000000f3100000)
 ParOldGen       total 80896K, used 27584K [0x000000008a000000, 0x000000008ef00000, 0x00000000d8b00000)
  object space 80896K, 34% used [0x000000008a000000,0x000000008baf0148,0x000000008ef00000)
 Metaspace       used 14001K, capacity 14323K, committed 14464K, reserved 1062912K
  class space    used 1745K, capacity 1873K, committed 1920K, reserved 1048576K
GC Heap History (10 events):
Event: 2.816 GC heap before
{Heap before GC invocations=5 (full 0):
 PSYoungGen      total 66048K, used 66016K [0x00000000d8b00000, 0x00000000dd000000, 0x0000000100000000)
  eden space 61440K, 100% used [0x00000000d8b00000,0x00000000dc700000,0x00000000dc700000)
  from space 4608K, 99% used [0x00000000dcb80000,0x00000000dcff8010,0x00000000dd000000)
  to   space 4608K, 0% used [0x00000000dc700000,0x00000000dc700000,0x00000000dcb80000)
 ParOldGen       total 80896K, used 4896K [0x000000008a000000, 0x000000008ef00000, 0x00000000d8b00000)
  object space 80896K, 6% used [0x000000008a000000,0x000000008a4c81d8,0x000000008ef00000)
 Metaspace       used 13564K, capacity 13875K, committed 14208K, reserved 1060864K
  class space    used 1682K, capacity 1809K, committed 1920K, reserved 1048576K
Event: 2.825 GC heap after
Heap after GC invocations=5 (full 0):
 PSYoungGen      total 66048K, used 4592K [0x00000000d8b00000, 0x00000000e1400000, 0x0000000100000000)
  eden space 61440K, 0% used [0x00000000d8b00000,0x00000000d8b00000,0x00000000dc700000)
  from space 4608K, 99% used [0x00000000dc700000,0x00000000dcb7c020,0x00000000dcb80000)
  to   space 8704K, 0% used [0x00000000e0b80000,0x00000000e0b80000,0x00000000e1400000)
 ParOldGen       total 80896K, used 8640K [0x000000008a000000, 0x000000008ef00000, 0x00000000d8b00000)
  object space 80896K, 10% used [0x000000008a000000,0x000000008a8701d8,0x000000008ef00000)
 Metaspace       used 13564K, capacity 13875K, committed 14208K, reserved 1060864K
  class space    used 1682K, capacity 1809K, committed 1920K, reserved 1048576K
}
Event: 2.886 GC heap before
{Heap before GC invocations=6 (full 0):
 PSYoungGen      total 66048K, used 66032K [0x00000000d8b00000, 0x00000000e1400000, 0x0000000100000000)
  eden space 61440K, 100% used [0x00000000d8b00000,0x00000000dc700000,0x00000000dc700000)
  from space 4608K, 99% used [0x00000000dc700000,0x00000000dcb7c020,0x00000000dcb80000)
  to   space 8704K, 0% used [0x00000000e0b80000,0x00000000e0b80000,0x00000000e1400000)
 ParOldGen       total 80896K, used 8640K [0x000000008a000000, 0x000000008ef00000, 0x00000000d8b00000)
  object space 80896K, 10% used [0x000000008a000000,0x000000008a8701d8,0x000000008ef00000)
 Metaspace       used 13591K, capacity 13875K, committed 14208K, reserved 1060864K
  class space    used 1682K, capacity 1809K, committed 1920K, reserved 1048576K
Event: 2.896 GC heap after
Heap after GC invocations=6 (full 0):
 PSYoungGen      total 130560K, used 8016K [0x00000000d8b00000, 0x00000000e1600000, 0x0000000100000000)
  eden space 121856K, 0% used [0x00000000d8b00000,0x00000000d8b00000,0x00000000e0200000)
  from space 8704K, 92% used [0x00000000e0b80000,0x00000000e1354020,0x00000000e1400000)
  to   space 9728K, 0% used [0x00000000e0200000,0x00000000e0200000,0x00000000e0b80000)
 ParOldGen       total 80896K, used 8640K [0x000000008a000000, 0x000000008ef00000, 0x00000000d8b00000)
  object space 80896K, 10% used [0x000000008a000000,0x000000008a8701d8,0x000000008ef00000)
 Metaspace       used 13591K, capacity 13875K, committed 14208K, reserved 1060864K
  class space    used 1682K, capacity 1809K, committed 1920K, reserved 1048576K
}
Event: 3.061 GC heap before
{Heap before GC invocations=7 (full 0):
 PSYoungGen      total 130560K, used 129872K [0x00000000d8b00000, 0x00000000e1600000, 0x0000000100000000)
  eden space 121856K, 100% used [0x00000000d8b00000,0x00000000e0200000,0x00000000e0200000)
  from space 8704K, 92% used [0x00000000e0b80000,0x00000000e1354020,0x00000000e1400000)
  to   space 9728K, 0% used [0x00000000e0200000,0x00000000e0200000,0x00000000e0b80000)
 ParOldGen       total 80896K, used 8640K [0x000000008a000000, 0x000000008ef00000, 0x00000000d8b00000)
  object space 80896K, 10% used [0x000000008a000000,0x000000008a8701d8,0x000000008ef00000)
 Metaspace       used 13591K, capacity 13875K, committed 14208K, reserved 1060864K
  class space    used 1682K, capacity 1809K, committed 1920K, reserved 1048576K
Event: 3.093 GC heap after
Heap after GC invocations=7 (full 0):
 PSYoungGen      total 131584K, used 9696K [0x00000000d8b00000, 0x00000000e9300000, 0x0000000100000000)
  eden space 121856K, 0% used [0x00000000d8b00000,0x00000000d8b00000,0x00000000e0200000)
  from space 9728K, 99% used [0x00000000e0200000,0x00000000e0b78010,0x00000000e0b80000)
  to   space 13312K, 0% used [0x00000000e8600000,0x00000000e8600000,0x00000000e9300000)
 ParOldGen       total 80896K, used 13603K [0x000000008a000000, 0x000000008ef00000, 0x00000000d8b00000)
  object space 80896K, 16% used [0x000000008a000000,0x000000008ad48f38,0x000000008ef00000)
 Metaspace       used 13591K, capacity 13875K, committed 14208K, reserved 1060864K
  class space    used 1682K, capacity 1809K, committed 1920K, reserved 1048576K
}
Event: 3.298 GC heap before
{Heap before GC invocations=8 (full 0):
 PSYoungGen      total 131584K, used 131552K [0x00000000d8b00000, 0x00000000e9300000, 0x0000000100000000)
  eden space 121856K, 100% used [0x00000000d8b00000,0x00000000e0200000,0x00000000e0200000)
  from space 9728K, 99% used [0x00000000e0200000,0x00000000e0b78010,0x00000000e0b80000)
  to   space 13312K, 0% used [0x00000000e8600000,0x00000000e8600000,0x00000000e9300000)
 ParOldGen       total 80896K, used 13603K [0x000000008a000000, 0x000000008ef00000, 0x00000000d8b00000)
  object space 80896K, 16% used [0x000000008a000000,0x000000008ad48f38,0x000000008ef00000)
 Metaspace       used 13591K, capacity 13875K, committed 14208K, reserved 1060864K
  class space    used 1682K, capacity 1809K, committed 1920K, reserved 1048576K
Event: 3.325 GC heap after
Heap after GC invocations=8 (full 0):
 PSYoungGen      total 254464K, used 13280K [0x00000000d8b00000, 0x00000000e9800000, 0x0000000100000000)
  eden space 241152K, 0% used [0x00000000d8b00000,0x00000000d8b00000,0x00000000e7680000)
  from space 13312K, 99% used [0x00000000e8600000,0x00000000e92f8010,0x00000000e9300000)
  to   space 15872K, 0% used [0x00000000e7680000,0x00000000e7680000,0x00000000e8600000)
 ParOldGen       total 80896K, used 16163K [0x000000008a000000, 0x000000008ef00000, 0x00000000d8b00000)
  object space 80896K, 19% used [0x000000008a000000,0x000000008afc8f38,0x000000008ef00000)
 Metaspace       used 13591K, capacity 13875K, committed 14208K, reserved 1060864K
  class space    used 1682K, capacity 1809K, committed 1920K, reserved 1048576K
}
Event: 3.810 GC heap before
{Heap before GC invocations=9 (full 0):
 PSYoungGen      total 254464K, used 254432K [0x00000000d8b00000, 0x00000000e9800000, 0x0000000100000000)
  eden space 241152K, 100% used [0x00000000d8b00000,0x00000000e7680000,0x00000000e7680000)
  from space 13312K, 99% used [0x00000000e8600000,0x00000000e92f8010,0x00000000e9300000)
  to   space 15872K, 0% used [0x00000000e7680000,0x00000000e7680000,0x00000000e8600000)
 ParOldGen       total 80896K, used 16163K [0x000000008a000000, 0x000000008ef00000, 0x00000000d8b00000)
  object space 80896K, 19% used [0x000000008a000000,0x000000008afc8f38,0x000000008ef00000)
 Metaspace       used 13595K, capacity 13875K, committed 14208K, reserved 1060864K
  class space    used 1682K, capacity 1809K, committed 1920K, reserved 1048576K
Event: 3.858 GC heap after
Heap after GC invocations=9 (full 0):
 PSYoungGen      total 257024K, used 15840K [0x00000000d8b00000, 0x00000000f3100000, 0x0000000100000000)
  eden space 241152K, 0% used [0x00000000d8b00000,0x00000000d8b00000,0x00000000e7680000)
  from space 15872K, 99% used [0x00000000e7680000,0x00000000e85f8010,0x00000000e8600000)
  to   space 23040K, 0% used [0x00000000f1a80000,0x00000000f1a80000,0x00000000f3100000)
 ParOldGen       total 80896K, used 27584K [0x000000008a000000, 0x000000008ef00000, 0x00000000d8b00000)
  object space 80896K, 34% used [0x000000008a000000,0x000000008baf0148,0x000000008ef00000)
 Metaspace       used 13595K, capacity 13875K, committed 14208K, reserved 1060864K
  class space    used 1682K, capacity 1809K, committed 1920K, reserved 1048576K
}

